<?xml version="1.0" encoding="UTF-8"?>
<testsuite name="TestSuite" time="0.944" tests="8" errors="0" skipped="0" failures="0">
  <properties>
    <property name="java.runtime.name" value="Java(TM) SE Runtime Environment"/>
    <property name="sun.boot.library.path" value="C:\Program Files\Java\jdk1.8.0_45\jre\bin"/>
    <property name="java.vm.version" value="25.45-b02"/>
    <property name="java.vm.vendor" value="Oracle Corporation"/>
    <property name="maven.multiModuleProjectDirectory" value="E:\for Android native app which used for testobject\voot"/>
    <property name="java.vendor.url" value="http://java.oracle.com/"/>
    <property name="path.separator" value=";"/>
    <property name="guice.disable.misplaced.annotation.check" value="true"/>
    <property name="java.vm.name" value="Java HotSpot(TM) 64-Bit Server VM"/>
    <property name="file.encoding.pkg" value="sun.io"/>
    <property name="user.script" value=""/>
    <property name="user.country" value="US"/>
    <property name="sun.java.launcher" value="SUN_STANDARD"/>
    <property name="sun.os.patch.level" value="Service Pack 1"/>
    <property name="java.vm.specification.name" value="Java Virtual Machine Specification"/>
    <property name="user.dir" value="E:\for Android native app which used for testobject\voot"/>
    <property name="java.runtime.version" value="1.8.0_45-b14"/>
    <property name="java.awt.graphicsenv" value="sun.awt.Win32GraphicsEnvironment"/>
    <property name="java.endorsed.dirs" value="C:\Program Files\Java\jdk1.8.0_45\jre\lib\endorsed"/>
    <property name="os.arch" value="amd64"/>
    <property name="java.io.tmpdir" value="C:\Users\RAVIND~1.PAR\AppData\Local\Temp\"/>
    <property name="line.separator" value="&#10;"/>
    <property name="java.vm.specification.vendor" value="Oracle Corporation"/>
    <property name="user.variant" value=""/>
    <property name="os.name" value="Windows 7"/>
    <property name="classworlds.conf" value="E:\for Android native app which used for testobject\.metadata\.plugins\org.eclipse.m2e.launching\launches\m2conf8310967117311004051.tmp"/>
    <property name="sun.jnu.encoding" value="Cp1252"/>
    <property name="java.library.path" value="C:\Program Files\Java\jdk1.8.0_45\bin;C:\Windows\Sun\Java\bin;C:\Windows\system32;C:\Windows;C:/Program Files/Java/jre1.8.0_45/bin/server;C:/Program Files/Java/jre1.8.0_45/bin;C:/Program Files/Java/jre1.8.0_45/lib/amd64;C:\Program Files\Common Files\Microsoft Shared\Microsoft Online Services;C:\Program Files (x86)\Common Files\Microsoft Shared\Microsoft Online Services;C:\ProgramData\Oracle\Java\javapath;C:\Windows\system32;C:\Windows;C:\Windows\System32\Wbem;C:\Windows\System32\WindowsPowerShell\v1.0\;C:\Program Files\Intel\WiFi\bin\;C:\Program Files\Common Files\Intel\WirelessCommon\;C:\Program Files (x86)\NVIDIA Corporation\PhysX\Common;C:\Program Files\TortoiseSVN\bin;C:\Program Files\nodejs\;C:\Program Files (x86)\Deskshare\My Screen Recorder Pro 4\;C:\Users\ravindra.parauha\Downloads\apache-ant-1.9.7-bin (1)\apache-ant-1.9.7\bin;%Android_SDKPATH%\platform-tools;%Android_SDKPATH%\tools;%Android_SDKPATH%\platforms;F:\curl-7.52.1\src;C:\Users\ravindra.parauha\android-sdk-windows\tools;C:\Users\ravindra.parauha\android-sdk-windows\platform-tools;C:\Users\ravindra.parauha\Downloads\apache-ant-1.9.7-bin (1)\apache-ant-1.9.7\bin;C:\Program Files\Java\jdk1.8.0_45\bin;C:\Users\ravindra.parauha\apache-maven-3.5.0\bin;C:\Program Files\Common Files\Microsoft Shared\Microsoft Online Services;C:\Program Files (x86)\Common Files\Microsoft Shared\Microsoft Online Services;C:\ProgramData\Oracle\Java\javapath;C:\Windows\system32;C:\Windows;C:\Windows\System32\Wbem;C:\Windows\System32\WindowsPowerShell\v1.0\;C:\Program Files\Intel\WiFi\bin\;C:\Program Files\Common Files\Intel\WirelessCommon\;C:\Program Files (x86)\NVIDIA Corporation\PhysX\Common;C:\Program Files\TortoiseSVN\bin;C:\Program Files\nodejs\;C:\Program Files (x86)\Deskshare\My Screen Recorder Pro 4\;C:\Users\ravindra.parauha\Downloads\apache-ant-1.9.7-bin (1)\apache-ant-1.9.7\bin;%Android_SDKPATH%\platform-tools;%Android_SDKPATH%\tools;%Android_SDKPATH%\platforms;F:\curl-7.52.1\src;C:\Users\ravindra.parauha\android-sdk-windows\tools;C:\Users\ravindra.parauha\android-sdk-windows\platform-tools;C:\Program Files (x86)\Skype\Phone\;C:\Program Files\Java\jdk1.8.0_45\bin;C:\Users\ravindra.parauha\apache-maven-3.5.0\bin;C:\Users\ravindra.parauha\apache-ant-1.9.7\bin;C:\Users\ravindra.parauha\android-sdk-windows\platforms;F:\our Testing videos for cucumber and appium;C:\Users\ravindra.parauha\AppData\Local\GitHubDesktop\bin;F:\Eclipse_Neon\eclipse;;."/>
    <property name="java.specification.name" value="Java Platform API Specification"/>
    <property name="java.class.version" value="52.0"/>
    <property name="sun.management.compiler" value="HotSpot 64-Bit Tiered Compilers"/>
    <property name="os.version" value="6.1"/>
    <property name="user.home" value="C:\Users\ravindra.parauha"/>
    <property name="user.timezone" value="Asia/Calcutta"/>
    <property name="java.awt.printerjob" value="sun.awt.windows.WPrinterJob"/>
    <property name="java.specification.version" value="1.8"/>
    <property name="file.encoding" value="Cp1252"/>
    <property name="user.name" value="ravindra.parauha"/>
    <property name="java.class.path" value="/F:/Eclipse_Neon/eclipse/plugins/org.eclipse.m2e.maven.runtime_1.7.0.20160603-1931/jars/plexus-classworlds-2.5.2.jar"/>
    <property name="java.vm.specification.version" value="1.8"/>
    <property name="sun.arch.data.model" value="64"/>
    <property name="java.home" value="C:\Program Files\Java\jdk1.8.0_45\jre"/>
    <property name="sun.java.command" value="org.codehaus.plexus.classworlds.launcher.Launcher -B test"/>
    <property name="java.specification.vendor" value="Oracle Corporation"/>
    <property name="user.language" value="en"/>
    <property name="awt.toolkit" value="sun.awt.windows.WToolkit"/>
    <property name="java.vm.info" value="mixed mode"/>
    <property name="java.version" value="1.8.0_45"/>
    <property name="java.ext.dirs" value="C:\Program Files\Java\jdk1.8.0_45\jre\lib\ext;C:\Windows\Sun\Java\lib\ext"/>
    <property name="sun.boot.class.path" value="C:\Program Files\Java\jdk1.8.0_45\jre\lib\resources.jar;C:\Program Files\Java\jdk1.8.0_45\jre\lib\rt.jar;C:\Program Files\Java\jdk1.8.0_45\jre\lib\sunrsasign.jar;C:\Program Files\Java\jdk1.8.0_45\jre\lib\jsse.jar;C:\Program Files\Java\jdk1.8.0_45\jre\lib\jce.jar;C:\Program Files\Java\jdk1.8.0_45\jre\lib\charsets.jar;C:\Program Files\Java\jdk1.8.0_45\jre\lib\jfr.jar;C:\Program Files\Java\jdk1.8.0_45\jre\classes"/>
    <property name="java.vendor" value="Oracle Corporation"/>
    <property name="maven.home" value="E:\for Android native app which used for testobject\voot\EMBEDDED"/>
    <property name="file.separator" value="\"/>
    <property name="java.vendor.url.bug" value="http://bugreport.sun.com/bugreport/"/>
    <property name="sun.cpu.endian" value="little"/>
    <property name="sun.io.unicode.encoding" value="UnicodeLittle"/>
    <property name="sun.desktop" value="windows"/>
    <property name="sun.cpu.isalist" value="amd64"/>
  </properties>
  <testcase name="verifyVootLogoinHomePage" classname="Voot.smac.pages.test.HomePageTest" time="0.283"/>
  <testcase name="verifynewshowLinkinHomePage" classname="Voot.smac.pages.test.HomePageTest" time="0.335"/>
  <testcase name="verifyshowsmenuinHomepage" classname="Voot.smac.pages.test.HomePageTest" time="0.065"/>
  <testcase name="verifykidsmenuinHomepage" classname="Voot.smac.pages.test.HomePageTest" time="0.053"/>
  <testcase name="verifyChannelsmenuinHomepage" classname="Voot.smac.pages.test.HomePageTest" time="0.06"/>
  <testcase name="verifyMoviesmenuinHomepage" classname="Voot.smac.pages.test.HomePageTest" time="0.067"/>
  <testcase name="verifySearchinHomepage" classname="Voot.smac.pages.test.HomePageTest" time="0.041"/>
  <testcase name="verifyuserloginiconinHomepage" classname="Voot.smac.pages.test.HomePageTest" time="0.04"/>
</testsuite>