<?xml version="1.0" encoding="UTF-8"?>
<testsuite name="TestSuite" time="124.817" tests="37" errors="0" skipped="36" failures="1">
  <properties>
    <property name="java.runtime.name" value="Java(TM) SE Runtime Environment"/>
    <property name="sun.boot.library.path" value="C:\Program Files\Java\jdk1.8.0_45\jre\bin"/>
    <property name="java.vm.version" value="25.45-b02"/>
    <property name="java.vm.vendor" value="Oracle Corporation"/>
    <property name="maven.multiModuleProjectDirectory" value="E:\for Android native app which used for testobject\voot"/>
    <property name="java.vendor.url" value="http://java.oracle.com/"/>
    <property name="path.separator" value=";"/>
    <property name="guice.disable.misplaced.annotation.check" value="true"/>
    <property name="java.vm.name" value="Java HotSpot(TM) 64-Bit Server VM"/>
    <property name="file.encoding.pkg" value="sun.io"/>
    <property name="user.script" value=""/>
    <property name="user.country" value="US"/>
    <property name="sun.java.launcher" value="SUN_STANDARD"/>
    <property name="sun.os.patch.level" value="Service Pack 1"/>
    <property name="java.vm.specification.name" value="Java Virtual Machine Specification"/>
    <property name="user.dir" value="E:\for Android native app which used for testobject\voot"/>
    <property name="java.runtime.version" value="1.8.0_45-b14"/>
    <property name="java.awt.graphicsenv" value="sun.awt.Win32GraphicsEnvironment"/>
    <property name="java.endorsed.dirs" value="C:\Program Files\Java\jdk1.8.0_45\jre\lib\endorsed"/>
    <property name="os.arch" value="amd64"/>
    <property name="java.io.tmpdir" value="C:\Users\RAVIND~1.PAR\AppData\Local\Temp\"/>
    <property name="line.separator" value="&#10;"/>
    <property name="java.vm.specification.vendor" value="Oracle Corporation"/>
    <property name="user.variant" value=""/>
    <property name="os.name" value="Windows 7"/>
    <property name="classworlds.conf" value="E:\for Android native app which used for testobject\.metadata\.plugins\org.eclipse.m2e.launching\launches\m2conf3802395269824279139.tmp"/>
    <property name="sun.jnu.encoding" value="Cp1252"/>
    <property name="java.library.path" value="C:\Program Files\Java\jdk1.8.0_45\bin;C:\Windows\Sun\Java\bin;C:\Windows\system32;C:\Windows;C:/Program Files/Java/jre1.8.0_45/bin/server;C:/Program Files/Java/jre1.8.0_45/bin;C:/Program Files/Java/jre1.8.0_45/lib/amd64;C:\Program Files\Common Files\Microsoft Shared\Microsoft Online Services;C:\Program Files (x86)\Common Files\Microsoft Shared\Microsoft Online Services;C:\ProgramData\Oracle\Java\javapath;C:\Windows\system32;C:\Windows;C:\Windows\System32\Wbem;C:\Windows\System32\WindowsPowerShell\v1.0\;C:\Program Files\Intel\WiFi\bin\;C:\Program Files\Common Files\Intel\WirelessCommon\;C:\Program Files (x86)\NVIDIA Corporation\PhysX\Common;C:\Program Files\TortoiseSVN\bin;C:\Program Files\nodejs\;C:\Program Files (x86)\Deskshare\My Screen Recorder Pro 4\;C:\Users\ravindra.parauha\Downloads\apache-ant-1.9.7-bin (1)\apache-ant-1.9.7\bin;%Android_SDKPATH%\platform-tools;%Android_SDKPATH%\tools;%Android_SDKPATH%\platforms;F:\curl-7.52.1\src;C:\Users\ravindra.parauha\android-sdk-windows\tools;C:\Users\ravindra.parauha\android-sdk-windows\platform-tools;C:\Users\ravindra.parauha\Downloads\apache-ant-1.9.7-bin (1)\apache-ant-1.9.7\bin;C:\Program Files\Java\jdk1.8.0_45\bin;C:\Users\ravindra.parauha\apache-maven-3.5.0\bin;C:\Program Files\Common Files\Microsoft Shared\Microsoft Online Services;C:\Program Files (x86)\Common Files\Microsoft Shared\Microsoft Online Services;C:\ProgramData\Oracle\Java\javapath;C:\Windows\system32;C:\Windows;C:\Windows\System32\Wbem;C:\Windows\System32\WindowsPowerShell\v1.0\;C:\Program Files\Intel\WiFi\bin\;C:\Program Files\Common Files\Intel\WirelessCommon\;C:\Program Files (x86)\NVIDIA Corporation\PhysX\Common;C:\Program Files\TortoiseSVN\bin;C:\Program Files\nodejs\;C:\Program Files (x86)\Deskshare\My Screen Recorder Pro 4\;C:\Users\ravindra.parauha\Downloads\apache-ant-1.9.7-bin (1)\apache-ant-1.9.7\bin;%Android_SDKPATH%\platform-tools;%Android_SDKPATH%\tools;%Android_SDKPATH%\platforms;F:\curl-7.52.1\src;C:\Users\ravindra.parauha\android-sdk-windows\tools;C:\Users\ravindra.parauha\android-sdk-windows\platform-tools;C:\Program Files (x86)\Skype\Phone\;C:\Program Files\Java\jdk1.8.0_45\bin;C:\Users\ravindra.parauha\apache-maven-3.5.0\bin;C:\Users\ravindra.parauha\apache-ant-1.9.7\bin;C:\Users\ravindra.parauha\android-sdk-windows\platforms;F:\our Testing videos for cucumber and appium;C:\Users\ravindra.parauha\AppData\Local\GitHubDesktop\bin;F:\Eclipse_Neon\eclipse;;."/>
    <property name="java.specification.name" value="Java Platform API Specification"/>
    <property name="java.class.version" value="52.0"/>
    <property name="sun.management.compiler" value="HotSpot 64-Bit Tiered Compilers"/>
    <property name="os.version" value="6.1"/>
    <property name="user.home" value="C:\Users\ravindra.parauha"/>
    <property name="user.timezone" value="Asia/Calcutta"/>
    <property name="java.awt.printerjob" value="sun.awt.windows.WPrinterJob"/>
    <property name="java.specification.version" value="1.8"/>
    <property name="file.encoding" value="Cp1252"/>
    <property name="user.name" value="ravindra.parauha"/>
    <property name="java.class.path" value="/F:/Eclipse_Neon/eclipse/plugins/org.eclipse.m2e.maven.runtime_1.7.0.20160603-1931/jars/plexus-classworlds-2.5.2.jar"/>
    <property name="java.vm.specification.version" value="1.8"/>
    <property name="sun.arch.data.model" value="64"/>
    <property name="java.home" value="C:\Program Files\Java\jdk1.8.0_45\jre"/>
    <property name="sun.java.command" value="org.codehaus.plexus.classworlds.launcher.Launcher -B install"/>
    <property name="java.specification.vendor" value="Oracle Corporation"/>
    <property name="user.language" value="en"/>
    <property name="awt.toolkit" value="sun.awt.windows.WToolkit"/>
    <property name="java.vm.info" value="mixed mode"/>
    <property name="java.version" value="1.8.0_45"/>
    <property name="java.ext.dirs" value="C:\Program Files\Java\jdk1.8.0_45\jre\lib\ext;C:\Windows\Sun\Java\lib\ext"/>
    <property name="sun.boot.class.path" value="C:\Program Files\Java\jdk1.8.0_45\jre\lib\resources.jar;C:\Program Files\Java\jdk1.8.0_45\jre\lib\rt.jar;C:\Program Files\Java\jdk1.8.0_45\jre\lib\sunrsasign.jar;C:\Program Files\Java\jdk1.8.0_45\jre\lib\jsse.jar;C:\Program Files\Java\jdk1.8.0_45\jre\lib\jce.jar;C:\Program Files\Java\jdk1.8.0_45\jre\lib\charsets.jar;C:\Program Files\Java\jdk1.8.0_45\jre\lib\jfr.jar;C:\Program Files\Java\jdk1.8.0_45\jre\classes"/>
    <property name="java.vendor" value="Oracle Corporation"/>
    <property name="maven.home" value="E:\for Android native app which used for testobject\voot\EMBEDDED"/>
    <property name="file.separator" value="\"/>
    <property name="java.vendor.url.bug" value="http://bugreport.sun.com/bugreport/"/>
    <property name="sun.cpu.endian" value="little"/>
    <property name="sun.io.unicode.encoding" value="UnicodeLittle"/>
    <property name="sun.desktop" value="windows"/>
    <property name="sun.cpu.isalist" value="amd64"/>
  </properties>
  <testcase name="setBrowsers" classname="Voot.smac.pages.test.HomePageTest" time="124.817">
    <failure message="Process unexpectedly closed with status 0&#10;Build info: version: &apos;3.5.1&apos;, revision: &apos;9c21bb67ef&apos;, time: &apos;2017-08-17T15:26:08.955Z&apos;&#10;System info: host: &apos;VDC01DLLAP0284&apos;, ip: &apos;192.168.23.5&apos;, os.name: &apos;Windows 7&apos;, os.arch: &apos;amd64&apos;, os.version: &apos;6.1&apos;, java.version: &apos;1.8.0_45&apos;&#10;Driver info: driver.version: FirefoxDriver&#10;remote stacktrace: " type="org.openqa.selenium.WebDriverException"><![CDATA[org.openqa.selenium.WebDriverException: Process unexpectedly closed with status 0
Build info: version: '3.5.1', revision: '9c21bb67ef', time: '2017-08-17T15:26:08.955Z'
System info: host: 'VDC01DLLAP0284', ip: '192.168.23.5', os.name: 'Windows 7', os.arch: 'amd64', os.version: '6.1', java.version: '1.8.0_45'
Driver info: driver.version: FirefoxDriver
remote stacktrace: 
	at sun.reflect.NativeConstructorAccessorImpl.newInstance0(Native Method)
	at sun.reflect.NativeConstructorAccessorImpl.newInstance(NativeConstructorAccessorImpl.java:62)
	at sun.reflect.DelegatingConstructorAccessorImpl.newInstance(DelegatingConstructorAccessorImpl.java:45)
	at java.lang.reflect.Constructor.newInstance(Constructor.java:422)
	at org.openqa.selenium.remote.W3CHandshakeResponse.lambda$new$0(W3CHandshakeResponse.java:57)
	at org.openqa.selenium.remote.W3CHandshakeResponse$$Lambda$100/348055829.apply(Unknown Source)
	at org.openqa.selenium.remote.W3CHandshakeResponse.lambda$getResponseFunction$2(W3CHandshakeResponse.java:104)
	at org.openqa.selenium.remote.W3CHandshakeResponse$$Lambda$102/137275020.apply(Unknown Source)
	at org.openqa.selenium.remote.ProtocolHandshake.lambda$createSession$24(ProtocolHandshake.java:360)
	at org.openqa.selenium.remote.ProtocolHandshake$$Lambda$103/1508181426.apply(Unknown Source)
	at java.util.stream.ReferencePipeline$3$1.accept(ReferencePipeline.java:193)
	at java.util.Spliterators$ArraySpliterator.tryAdvance(Spliterators.java:958)
	at java.util.stream.ReferencePipeline.forEachWithCancel(ReferencePipeline.java:126)
	at java.util.stream.AbstractPipeline.copyIntoWithCancel(AbstractPipeline.java:529)
	at java.util.stream.AbstractPipeline.copyInto(AbstractPipeline.java:516)
	at java.util.stream.AbstractPipeline.wrapAndCopyInto(AbstractPipeline.java:502)
	at java.util.stream.FindOps$FindOp.evaluateSequential(FindOps.java:152)
	at java.util.stream.AbstractPipeline.evaluate(AbstractPipeline.java:234)
	at java.util.stream.ReferencePipeline.findFirst(ReferencePipeline.java:464)
	at org.openqa.selenium.remote.ProtocolHandshake.createSession(ProtocolHandshake.java:363)
	at org.openqa.selenium.remote.ProtocolHandshake.createSession(ProtocolHandshake.java:137)
	at org.openqa.selenium.remote.HttpCommandExecutor.execute(HttpCommandExecutor.java:142)
	at org.openqa.selenium.remote.service.DriverCommandExecutor.execute(DriverCommandExecutor.java:82)
	at org.openqa.selenium.remote.RemoteWebDriver.execute(RemoteWebDriver.java:641)
	at org.openqa.selenium.remote.RemoteWebDriver.startSession(RemoteWebDriver.java:254)
	at org.openqa.selenium.remote.RemoteWebDriver.startSession(RemoteWebDriver.java:236)
	at org.openqa.selenium.remote.RemoteWebDriver.<init>(RemoteWebDriver.java:137)
	at org.openqa.selenium.firefox.FirefoxDriver.<init>(FirefoxDriver.java:191)
	at org.openqa.selenium.firefox.FirefoxDriver.<init>(FirefoxDriver.java:103)
	at org.openqa.selenium.firefox.FirefoxDriver.<init>(FirefoxDriver.java:99)
	at Voot.smac.pages.test.BaseClass.setBrowsers(BaseClass.java:66)
	at sun.reflect.NativeMethodAccessorImpl.invoke0(Native Method)
	at sun.reflect.NativeMethodAccessorImpl.invoke(NativeMethodAccessorImpl.java:62)
	at sun.reflect.DelegatingMethodAccessorImpl.invoke(DelegatingMethodAccessorImpl.java:43)
	at java.lang.reflect.Method.invoke(Method.java:497)
	at org.testng.internal.MethodInvocationHelper.invokeMethod(MethodInvocationHelper.java:80)
	at org.testng.internal.Invoker.invokeConfigurationMethod(Invoker.java:564)
	at org.testng.internal.Invoker.invokeConfigurations(Invoker.java:213)
	at org.testng.internal.Invoker.invokeMethod(Invoker.java:653)
	at org.testng.internal.Invoker.invokeTestMethod(Invoker.java:901)
	at org.testng.internal.Invoker.invokeTestMethods(Invoker.java:1231)
	at org.testng.internal.TestMethodWorker.invokeTestMethods(TestMethodWorker.java:127)
	at org.testng.internal.TestMethodWorker.run(TestMethodWorker.java:111)
	at org.testng.TestRunner.privateRun(TestRunner.java:767)
	at org.testng.TestRunner.run(TestRunner.java:617)
	at org.testng.SuiteRunner.runTest(SuiteRunner.java:334)
	at org.testng.SuiteRunner.runSequentially(SuiteRunner.java:329)
	at org.testng.SuiteRunner.privateRun(SuiteRunner.java:291)
	at org.testng.SuiteRunner.run(SuiteRunner.java:240)
	at org.testng.SuiteRunnerWorker.runSuite(SuiteRunnerWorker.java:52)
	at org.testng.SuiteRunnerWorker.run(SuiteRunnerWorker.java:86)
	at org.testng.TestNG.runSuitesSequentially(TestNG.java:1198)
	at org.testng.TestNG.runSuitesLocally(TestNG.java:1123)
	at org.testng.TestNG.run(TestNG.java:1031)
	at org.apache.maven.surefire.testng.TestNGExecutor.run(TestNGExecutor.java:295)
	at org.apache.maven.surefire.testng.TestNGXmlTestSuite.execute(TestNGXmlTestSuite.java:84)
	at org.apache.maven.surefire.testng.TestNGProvider.invoke(TestNGProvider.java:90)
	at org.apache.maven.surefire.booter.ForkedBooter.invokeProviderInSameClassLoader(ForkedBooter.java:203)
	at org.apache.maven.surefire.booter.ForkedBooter.runSuitesInProcess(ForkedBooter.java:155)
	at org.apache.maven.surefire.booter.ForkedBooter.main(ForkedBooter.java:103)
]]></failure>
    <system-err><![CDATA[1521969659089	geckodriver	INFO	geckodriver 0.20.0
1521969659104	geckodriver	INFO	Listening on 127.0.0.1:29237
1521969660290	mozrunner::runner	INFO	Running command: "C:\\Program Files (x86)\\Mozilla Firefox\\firefox.exe" "-marionette" "-profile" "C:\\Users\\RAVIND~1.PAR\\AppData\\Local\\Temp\\rust_mozprofile.atYq4O8tm8HH"
1521969663146	Marionette	INFO	Listening on port 2828
[Child 7000] WARNING: pipe error: 109: file c:/builds/moz2_slave/m-rel-w32-00000000000000000000/build/src/ipc/chromium/src/chrome/common/ipc_channel_win.cc, line 345
]]></system-err>
  </testcase>
  <testcase name="setBrowsers" classname="Voot.smac.pages.test.HomePageTest" time="0">
    <skipped/>
  </testcase>
  <testcase name="setBrowsers" classname="Voot.smac.pages.test.HomePageTest" time="0">
    <skipped/>
  </testcase>
  <testcase name="setBrowsers" classname="Voot.smac.pages.test.HomePageTest" time="0">
    <skipped/>
  </testcase>
  <testcase name="setBrowsers" classname="Voot.smac.pages.test.HomePageTest" time="0">
    <skipped/>
  </testcase>
  <testcase name="setBrowsers" classname="Voot.smac.pages.test.HomePageTest" time="0">
    <skipped/>
  </testcase>
  <testcase name="setBrowsers" classname="Voot.smac.pages.test.HomePageTest" time="0">
    <skipped/>
  </testcase>
  <testcase name="setBrowsers" classname="Voot.smac.pages.test.HomePageTest" time="0">
    <skipped/>
  </testcase>
  <testcase name="setBrowsers" classname="Voot.smac.pages.test.HomePageTest" time="0">
    <skipped/>
  </testcase>
  <testcase name="setBrowsers" classname="Voot.smac.pages.test.HomePageTest" time="0">
    <skipped/>
  </testcase>
  <testcase name="setBrowsers" classname="Voot.smac.pages.test.HomePageTest" time="0">
    <skipped/>
  </testcase>
  <testcase name="setBrowsers" classname="Voot.smac.pages.test.HomePageTest" time="0">
    <skipped/>
  </testcase>
  <testcase name="verifyVootLogoinHomePage" classname="Voot.smac.pages.test.HomePageTest" time="0">
    <skipped/>
  </testcase>
  <testcase name="tearDown" classname="Voot.smac.pages.test.HomePageTest" time="0">
    <skipped/>
  </testcase>
  <testcase name="tearDown" classname="Voot.smac.pages.test.HomePageTest" time="0">
    <skipped/>
  </testcase>
  <testcase name="tearDown" classname="Voot.smac.pages.test.HomePageTest" time="0">
    <skipped/>
  </testcase>
  <testcase name="tearDown" classname="Voot.smac.pages.test.HomePageTest" time="0">
    <skipped/>
  </testcase>
  <testcase name="tearDown" classname="Voot.smac.pages.test.HomePageTest" time="0">
    <skipped/>
  </testcase>
  <testcase name="tearDown" classname="Voot.smac.pages.test.HomePageTest" time="0">
    <skipped/>
  </testcase>
  <testcase name="tearDown" classname="Voot.smac.pages.test.HomePageTest" time="0">
    <skipped/>
  </testcase>
  <testcase name="tearDown" classname="Voot.smac.pages.test.HomePageTest" time="0">
    <skipped/>
  </testcase>
  <testcase name="tearDown" classname="Voot.smac.pages.test.HomePageTest" time="0">
    <skipped/>
  </testcase>
  <testcase name="tearDown" classname="Voot.smac.pages.test.HomePageTest" time="0">
    <skipped/>
  </testcase>
  <testcase name="tearDown" classname="Voot.smac.pages.test.HomePageTest" time="0">
    <skipped/>
  </testcase>
  <testcase name="tearDown" classname="Voot.smac.pages.test.HomePageTest" time="0">
    <skipped/>
  </testcase>
  <testcase name="verifynewshowLinkinHomePage" classname="Voot.smac.pages.test.HomePageTest" time="0">
    <skipped/>
  </testcase>
  <testcase name="verifyshowsmenuinHomepage" classname="Voot.smac.pages.test.HomePageTest" time="0">
    <skipped/>
  </testcase>
  <testcase name="verifykidsmenuinHomepage" classname="Voot.smac.pages.test.HomePageTest" time="0">
    <skipped/>
  </testcase>
  <testcase name="verifyChannelsmenuinHomepage" classname="Voot.smac.pages.test.HomePageTest" time="0">
    <skipped/>
  </testcase>
  <testcase name="verifyMoviesmenuinHomepage" classname="Voot.smac.pages.test.HomePageTest" time="0">
    <skipped/>
  </testcase>
  <testcase name="verifySearchinHomepage" classname="Voot.smac.pages.test.HomePageTest" time="0">
    <skipped/>
  </testcase>
  <testcase name="verifyuserloginiconinHomepage" classname="Voot.smac.pages.test.HomePageTest" time="0">
    <skipped/>
  </testcase>
  <testcase name="clickOnTheNextButtonOnCoursoual" classname="Voot.smac.pages.test.HomePageTest" time="0">
    <skipped/>
  </testcase>
  <testcase name="verifyAddBannerSectionl" classname="Voot.smac.pages.test.HomePageTest" time="0">
    <skipped/>
  </testcase>
  <testcase name="clickOnThePreviousButtonOnCoursoual" classname="Voot.smac.pages.test.HomePageTest" time="0">
    <skipped/>
  </testcase>
  <testcase name="verifyDescriptionTextValueOFMasterCarousal" classname="Voot.smac.pages.test.HomePageTest" time="0">
    <skipped/>
  </testcase>
  <testcase name="endReport" classname="Voot.smac.pages.test.HomePageTest" time="0">
    <skipped/>
  </testcase>
</testsuite>