<?xml version="1.0" encoding="UTF-8"?>
<!-- Generated by org.testng.reporters.JUnitReportReporter -->
<testsuite skipped="0" hostname="vdc01dllap0284" name="Voot.smac.pages.test.MoviesPageTest" tests="5" failures="0" timestamp="30 Mar 2018 08:09:34 GMT" time="141.566" errors="0">
  <testcase name="mousehoveronMoviesintheheaderandverify" time="24.304" classname="Voot.smac.pages.test.MoviesPageTest"/>
  <testcase name="verifyPopularHindiMoviesValue" time="30.098" classname="Voot.smac.pages.test.MoviesPageTest"/>
  <testcase name="verifyPopularkannadaMoviesValue" time="28.414" classname="Voot.smac.pages.test.MoviesPageTest"/>
  <testcase name="verifyPopularBangaliMoviesValue" time="28.751" classname="Voot.smac.pages.test.MoviesPageTest"/>
  <testcase name="verifyPopularKidsMoviesValue" time="29.999" classname="Voot.smac.pages.test.MoviesPageTest"/>
</testsuite> <!-- Voot.smac.pages.test.MoviesPageTest -->
