<?xml version="1.0" encoding="UTF-8"?>
<!-- Generated by org.testng.reporters.JUnitReportReporter -->
<testsuite skipped="0" hostname="vdc01dllap0284" name="Voot.smac.pages.test.ShowPagesTest" tests="2" failures="0" timestamp="25 Mar 2018 11:28:16 GMT" time="57.160" errors="0">
  <testcase name="clickedshowlink" time="30.957" classname="Voot.smac.pages.test.ShowPagesTest"/>
  <testcase name="clickedkidslink" time="26.203" classname="Voot.smac.pages.test.ShowPagesTest"/>
</testsuite> <!-- Voot.smac.pages.test.ShowPagesTest -->
