<?xml version="1.0" encoding="UTF-8"?>
<!-- Generated by org.testng.reporters.JUnitReportReporter -->
<testsuite skipped="0" hostname="vdc01dllap0284" name="Voot.smac.pages.test.HomePageTest" tests="12" failures="0" timestamp="21 Mar 2018 14:26:09 GMT" time="325.017" errors="0">
  <testcase name="verifyVootLogoinHomePage" time="15.762" classname="Voot.smac.pages.test.HomePageTest"/>
  <testcase name="verifynewshowLinkinHomePage" time="11.661" classname="Voot.smac.pages.test.HomePageTest"/>
  <testcase name="verifyshowsmenuinHomepage" time="12.038" classname="Voot.smac.pages.test.HomePageTest"/>
  <testcase name="verifykidsmenuinHomepage" time="14.378" classname="Voot.smac.pages.test.HomePageTest"/>
  <testcase name="verifyChannelsmenuinHomepage" time="17.756" classname="Voot.smac.pages.test.HomePageTest"/>
  <testcase name="verifyMoviesmenuinHomepage" time="13.148" classname="Voot.smac.pages.test.HomePageTest"/>
  <testcase name="verifySearchinHomepage" time="17.531" classname="Voot.smac.pages.test.HomePageTest"/>
  <testcase name="verifyuserloginiconinHomepage" time="13.830" classname="Voot.smac.pages.test.HomePageTest"/>
  <testcase name="clickOnTheNextButtonOnCoursoual" time="47.324" classname="Voot.smac.pages.test.HomePageTest"/>
  <testcase name="verifyAddBannerSectionl" time="122.756" classname="Voot.smac.pages.test.HomePageTest"/>
  <testcase name="clickOnThePreviousButtonOnCoursoual" time="16.149" classname="Voot.smac.pages.test.HomePageTest"/>
  <testcase name="verifyDescriptionTextValueOFMasterCarousal" time="22.684" classname="Voot.smac.pages.test.HomePageTest"/>
</testsuite> <!-- Voot.smac.pages.test.HomePageTest -->
