<?xml version="1.0" encoding="UTF-8"?>
<!-- Generated by org.testng.reporters.JUnitReportReporter -->
<testsuite skipped="0" hostname="vdc01dllap0284" name="Voot.smac.pages.test.HomePageTest" tests="8" failures="0" timestamp="01 Mar 2018 09:12:31 GMT" time="0.903" errors="0">
  <testcase name="verifyVootLogoinHomePage" time="0.240" classname="Voot.smac.pages.test.HomePageTest"/>
  <testcase name="verifynewshowLinkinHomePage" time="0.264" classname="Voot.smac.pages.test.HomePageTest"/>
  <testcase name="verifyshowsmenuinHomepage" time="0.089" classname="Voot.smac.pages.test.HomePageTest"/>
  <testcase name="verifykidsmenuinHomepage" time="0.068" classname="Voot.smac.pages.test.HomePageTest"/>
  <testcase name="verifyChannelsmenuinHomepage" time="0.067" classname="Voot.smac.pages.test.HomePageTest"/>
  <testcase name="verifyMoviesmenuinHomepage" time="0.071" classname="Voot.smac.pages.test.HomePageTest"/>
  <testcase name="verifySearchinHomepage" time="0.050" classname="Voot.smac.pages.test.HomePageTest"/>
  <testcase name="verifyuserloginiconinHomepage" time="0.054" classname="Voot.smac.pages.test.HomePageTest"/>
</testsuite> <!-- Voot.smac.pages.test.HomePageTest -->
