<?xml version="1.0" encoding="UTF-8"?>
<!-- Generated by org.testng.reporters.JUnitReportReporter -->
<testsuite skipped="0" hostname="vdc01dllap0284" name="Voot.smac.pages.test.ShowPagesTest" tests="2" failures="0" timestamp="08 Mar 2018 09:48:15 GMT" time="45.507" errors="0">
  <testcase name="clickedshowlink" time="37.948" classname="Voot.smac.pages.test.ShowPagesTest"/>
  <testcase name="clickedkidslink" time="7.559" classname="Voot.smac.pages.test.ShowPagesTest"/>
</testsuite> <!-- Voot.smac.pages.test.ShowPagesTest -->
