<?xml version="1.0" encoding="UTF-8"?>
<!-- Generated by org.testng.reporters.JUnitReportReporter -->
<testsuite skipped="0" hostname="vdc01dllap0284" name="Voot.smac.pages.test.ChannelsPageTest" tests="4" failures="0" timestamp="13 Mar 2018 12:51:11 GMT" time="44.245" errors="0">
  <testcase name="mousehover_ChannelsInHeaderMenuOfHomepage" time="0.750" classname="Voot.smac.pages.test.ChannelsPageTest"/>
  <testcase name="OverlaywithListofchannels" time="39.601" classname="Voot.smac.pages.test.ChannelsPageTest"/>
  <testcase name="Clickonanychannel" time="3.736" classname="Voot.smac.pages.test.ChannelsPageTest"/>
  <testcase name="navigateToChannelDetailsPage" time="0.158" classname="Voot.smac.pages.test.ChannelsPageTest"/>
</testsuite> <!-- Voot.smac.pages.test.ChannelsPageTest -->
