<?xml version="1.0" encoding="UTF-8"?>
<!-- Generated by org.testng.reporters.JUnitReportReporter -->
<testsuite skipped="0" hostname="vdc01dllap0284" name="Voot.smac.pages.test.ShowPagesTest" tests="2" failures="0" timestamp="26 Mar 2018 08:11:56 GMT" time="133.912" errors="0">
  <testcase name="clickedshowlink" time="67.858" classname="Voot.smac.pages.test.ShowPagesTest"/>
  <testcase name="clickedkidslink" time="66.054" classname="Voot.smac.pages.test.ShowPagesTest"/>
</testsuite> <!-- Voot.smac.pages.test.ShowPagesTest -->
