<?xml version="1.0" encoding="UTF-8"?>
<!-- Generated by org.testng.reporters.JUnitReportReporter -->
<testsuite skipped="0" hostname="vdc01dllap0284" name="Voot.smac.pages.test.HomePageTest" tests="12" failures="0" timestamp="14 Mar 2018 10:25:17 GMT" time="196.394" errors="0">
  <testcase name="verifyVootLogoinHomePage" time="0.268" classname="Voot.smac.pages.test.HomePageTest"/>
  <testcase name="verifynewshowLinkinHomePage" time="0.302" classname="Voot.smac.pages.test.HomePageTest"/>
  <testcase name="verifyshowsmenuinHomepage" time="0.070" classname="Voot.smac.pages.test.HomePageTest"/>
  <testcase name="verifykidsmenuinHomepage" time="0.058" classname="Voot.smac.pages.test.HomePageTest"/>
  <testcase name="verifyChannelsmenuinHomepage" time="0.067" classname="Voot.smac.pages.test.HomePageTest"/>
  <testcase name="verifyMoviesmenuinHomepage" time="0.087" classname="Voot.smac.pages.test.HomePageTest"/>
  <testcase name="verifySearchinHomepage" time="0.022" classname="Voot.smac.pages.test.HomePageTest"/>
  <testcase name="verifyuserloginiconinHomepage" time="1.117" classname="Voot.smac.pages.test.HomePageTest"/>
  <testcase name="clickOnTheNextButtonOnCoursoual" time="56.596" classname="Voot.smac.pages.test.HomePageTest"/>
  <testcase name="verifyAddBannerSectionl" time="108.055" classname="Voot.smac.pages.test.HomePageTest"/>
  <testcase name="verifyDescriptionTextValueOFMasterCarousal" time="10.344" classname="Voot.smac.pages.test.HomePageTest"/>
  <testcase name="clickOnThePreviousButtonOnCoursoual" time="19.408" classname="Voot.smac.pages.test.HomePageTest"/>
</testsuite> <!-- Voot.smac.pages.test.HomePageTest -->
