<?xml version="1.0" encoding="UTF-8"?>
<!-- Generated by org.testng.reporters.JUnitReportReporter -->
<testsuite skipped="0" hostname="vdc01dllap0284" name="Voot.smac.pages.test.SearchPageTest" tests="5" failures="0" timestamp="13 Mar 2018 12:51:10 GMT" time="25.377" errors="0">
  <testcase name="verify_Search_Icon_In_HomePage" time="2.267" classname="Voot.smac.pages.test.SearchPageTest"/>
  <testcase name="verify_Search_Icon_In_SearchPage" time="4.291" classname="Voot.smac.pages.test.SearchPageTest"/>
  <testcase name="verify_Close_Icon_In_SearchPage" time="4.158" classname="Voot.smac.pages.test.SearchPageTest"/>
  <testcase name="verify_Search_Text_Box_In_SearchPage" time="0.169" classname="Voot.smac.pages.test.SearchPageTest"/>
  <testcase name="enter_Some_Value_inSide_the_Text_Box_In_SearchPage" time="14.492" classname="Voot.smac.pages.test.SearchPageTest"/>
</testsuite> <!-- Voot.smac.pages.test.SearchPageTest -->
