<?xml version="1.0" encoding="UTF-8"?>
<!-- Generated by org.testng.reporters.JUnitReportReporter -->
<testsuite skipped="0" hostname="vdc01dllap0284" name="Voot.smac.pages.test.MoviesPageTest" tests="1" failures="0" timestamp="12 Mar 2018 17:13:35 GMT" time="4.801" errors="0">
  <testcase name="mousehoveronMoviesintheheaderandverify" time="4.801" classname="Voot.smac.pages.test.MoviesPageTest"/>
</testsuite> <!-- Voot.smac.pages.test.MoviesPageTest -->
