<?xml version="1.0" encoding="UTF-8"?>
<!-- Generated by org.testng.reporters.JUnitReportReporter -->
<testsuite skipped="0" hostname="vdc01dllap0284" name="Voot.smac.pages.test.SearchPageTest" tests="5" failures="0" timestamp="20 Mar 2018 19:20:46 GMT" time="103.935" errors="0">
  <testcase name="verify_Search_Icon_In_HomePage" time="16.562" classname="Voot.smac.pages.test.SearchPageTest"/>
  <testcase name="verify_Search_Icon_In_SearchPage" time="16.590" classname="Voot.smac.pages.test.SearchPageTest"/>
  <testcase name="verify_Close_Icon_In_SearchPage" time="18.659" classname="Voot.smac.pages.test.SearchPageTest"/>
  <testcase name="verify_Search_Text_Box_In_SearchPage" time="16.884" classname="Voot.smac.pages.test.SearchPageTest"/>
  <testcase name="enter_Some_Value_inSide_the_Text_Box_In_SearchPage" time="35.240" classname="Voot.smac.pages.test.SearchPageTest"/>
</testsuite> <!-- Voot.smac.pages.test.SearchPageTest -->
