<?xml version="1.0" encoding="UTF-8"?>
<!-- Generated by org.testng.reporters.JUnitReportReporter -->
<testsuite skipped="0" hostname="vdc01dllap0284" name="Voot.smac.pages.test.MoviesPageTest" tests="2" failures="0" timestamp="13 Mar 2018 12:51:11 GMT" time="29.195" errors="0">
  <testcase name="mousehoveronMoviesintheheaderandverify" time="11.685" classname="Voot.smac.pages.test.MoviesPageTest"/>
  <testcase name="verifyPopularMoviesValue" time="17.510" classname="Voot.smac.pages.test.MoviesPageTest"/>
</testsuite> <!-- Voot.smac.pages.test.MoviesPageTest -->
