<?xml version="1.0" encoding="UTF-8"?>
<!-- Generated by org.testng.reporters.JUnitReportReporter -->
<testsuite skipped="0" hostname="vdc01dllap0284" name="Voot.smac.pages.test.MoviesPageTest" tests="1" failures="0" timestamp="08 Mar 2018 09:02:12 GMT" time="5.482" errors="0">
  <testcase name="mousehoveronMoviesintheheaderandverify" time="5.482" classname="Voot.smac.pages.test.MoviesPageTest"/>
</testsuite> <!-- Voot.smac.pages.test.MoviesPageTest -->
