<?xml version="1.0" encoding="UTF-8"?>
<!-- Generated by org.testng.reporters.JUnitReportReporter -->
<testsuite skipped="0" hostname="vdc01dllap0284" name="Voot.smac.pages.test.ShowPagesTest" tests="2" failures="0" timestamp="14 Mar 2018 10:25:17 GMT" time="11.418" errors="0">
  <testcase name="clickedshowlink" time="4.171" classname="Voot.smac.pages.test.ShowPagesTest"/>
  <testcase name="clickedkidslink" time="7.247" classname="Voot.smac.pages.test.ShowPagesTest"/>
</testsuite> <!-- Voot.smac.pages.test.ShowPagesTest -->
