<?xml version="1.0" encoding="UTF-8"?>
<!-- Generated by org.testng.reporters.JUnitReportReporter -->
<testsuite skipped="0" hostname="vdc01dllap0284" name="Voot.smac.pages.test.VootLoginPageTest" tests="3" failures="0" timestamp="26 Mar 2018 08:11:56 GMT" time="210.256" errors="0">
  <testcase name="verifyLoginScreeen" time="81.692" classname="Voot.smac.pages.test.VootLoginPageTest"/>
  <testcase name="EnterbankEmailidandverifyerrormessage" time="63.172" classname="Voot.smac.pages.test.VootLoginPageTest"/>
  <testcase name="enter_valid_Email_In_input_Text_field" time="65.392" classname="Voot.smac.pages.test.VootLoginPageTest"/>
</testsuite> <!-- Voot.smac.pages.test.VootLoginPageTest -->
