<?xml version="1.0" encoding="UTF-8"?>
<!-- Generated by org.testng.reporters.JUnitReportReporter -->
<testsuite skipped="12" hostname="vdc01dllap0284" name="Voot.smac.pages.test.HomePageTest" tests="13" failures="0" timestamp="25 Mar 2018 09:57:19 GMT" time="18.175" errors="1">
  <testcase name="setBrowsers" time="18.175" classname="Voot.smac.pages.test.HomePageTest">
    <error type="org.openqa.selenium.WebDriverException" message="Process unexpectedly closed with status 0
Build info: version: &#039;3.5.1&#039;, revision: &#039;9c21bb67ef&#039;, time: &#039;2017-08-17T15:26:08.955Z&#039;
System info: host: &#039;VDC01DLLAP0284&#039;, ip: &#039;192.168.23.5&#039;, os.name: &#039;Windows 7&#039;, os.arch: &#039;amd64&#039;, os.version: &#039;6.1&#039;, java.version: &#039;1.8.0_45&#039;
Driver info: driver.version: FirefoxDriver
remote stacktrace: ">
      <![CDATA[org.openqa.selenium.WebDriverException: Process unexpectedly closed with status 0
Build info: version: '3.5.1', revision: '9c21bb67ef', time: '2017-08-17T15:26:08.955Z'
System info: host: 'VDC01DLLAP0284', ip: '192.168.23.5', os.name: 'Windows 7', os.arch: 'amd64', os.version: '6.1', java.version: '1.8.0_45'
Driver info: driver.version: FirefoxDriver
remote stacktrace: 
	at sun.reflect.NativeConstructorAccessorImpl.newInstance0(Native Method)
	at sun.reflect.NativeConstructorAccessorImpl.newInstance(NativeConstructorAccessorImpl.java:62)
	at sun.reflect.DelegatingConstructorAccessorImpl.newInstance(DelegatingConstructorAccessorImpl.java:45)
	at java.lang.reflect.Constructor.newInstance(Constructor.java:422)
	at org.openqa.selenium.remote.W3CHandshakeResponse.lambda$new$0(W3CHandshakeResponse.java:57)
	at org.openqa.selenium.remote.W3CHandshakeResponse$$Lambda$100/1388563249.apply(Unknown Source)
	at org.openqa.selenium.remote.W3CHandshakeResponse.lambda$getResponseFunction$2(W3CHandshakeResponse.java:104)
	at org.openqa.selenium.remote.W3CHandshakeResponse$$Lambda$102/1402215471.apply(Unknown Source)
	at org.openqa.selenium.remote.ProtocolHandshake.lambda$createSession$24(ProtocolHandshake.java:360)
	at org.openqa.selenium.remote.ProtocolHandshake$$Lambda$103/1839962989.apply(Unknown Source)
	at java.util.stream.ReferencePipeline$3$1.accept(ReferencePipeline.java:193)
	at java.util.Spliterators$ArraySpliterator.tryAdvance(Spliterators.java:958)
	at java.util.stream.ReferencePipeline.forEachWithCancel(ReferencePipeline.java:126)
	at java.util.stream.AbstractPipeline.copyIntoWithCancel(AbstractPipeline.java:529)
	at java.util.stream.AbstractPipeline.copyInto(AbstractPipeline.java:516)
	at java.util.stream.AbstractPipeline.wrapAndCopyInto(AbstractPipeline.java:502)
	at java.util.stream.FindOps$FindOp.evaluateSequential(FindOps.java:152)
	at java.util.stream.AbstractPipeline.evaluate(AbstractPipeline.java:234)
	at java.util.stream.ReferencePipeline.findFirst(ReferencePipeline.java:464)
	at org.openqa.selenium.remote.ProtocolHandshake.createSession(ProtocolHandshake.java:363)
	at org.openqa.selenium.remote.ProtocolHandshake.createSession(ProtocolHandshake.java:137)
	at org.openqa.selenium.remote.HttpCommandExecutor.execute(HttpCommandExecutor.java:142)
	at org.openqa.selenium.remote.service.DriverCommandExecutor.execute(DriverCommandExecutor.java:82)
	at org.openqa.selenium.remote.RemoteWebDriver.execute(RemoteWebDriver.java:641)
	at org.openqa.selenium.remote.RemoteWebDriver.startSession(RemoteWebDriver.java:254)
	at org.openqa.selenium.remote.RemoteWebDriver.startSession(RemoteWebDriver.java:236)
	at org.openqa.selenium.remote.RemoteWebDriver.<init>(RemoteWebDriver.java:137)
	at org.openqa.selenium.firefox.FirefoxDriver.<init>(FirefoxDriver.java:191)
	at org.openqa.selenium.firefox.FirefoxDriver.<init>(FirefoxDriver.java:103)
	at org.openqa.selenium.firefox.FirefoxDriver.<init>(FirefoxDriver.java:99)
	at Voot.smac.pages.test.BaseClass.setBrowsers(BaseClass.java:66)
	at sun.reflect.NativeMethodAccessorImpl.invoke0(Native Method)
	at sun.reflect.NativeMethodAccessorImpl.invoke(NativeMethodAccessorImpl.java:62)
	at sun.reflect.DelegatingMethodAccessorImpl.invoke(DelegatingMethodAccessorImpl.java:43)
	at java.lang.reflect.Method.invoke(Method.java:497)
	at org.testng.internal.MethodInvocationHelper.invokeMethod(MethodInvocationHelper.java:108)
	at org.testng.internal.Invoker.invokeConfigurationMethod(Invoker.java:523)
	at org.testng.internal.Invoker.invokeConfigurations(Invoker.java:224)
	at org.testng.internal.Invoker.invokeMethod(Invoker.java:599)
	at org.testng.internal.Invoker.invokeTestMethod(Invoker.java:869)
	at org.testng.internal.Invoker.invokeTestMethods(Invoker.java:1193)
	at org.testng.internal.TestMethodWorker.invokeTestMethods(TestMethodWorker.java:126)
	at org.testng.internal.TestMethodWorker.run(TestMethodWorker.java:109)
	at org.testng.TestRunner.privateRun(TestRunner.java:744)
	at org.testng.TestRunner.run(TestRunner.java:602)
	at org.testng.SuiteRunner.runTest(SuiteRunner.java:380)
	at org.testng.SuiteRunner.runSequentially(SuiteRunner.java:375)
	at org.testng.SuiteRunner.privateRun(SuiteRunner.java:340)
	at org.testng.SuiteRunner.run(SuiteRunner.java:289)
	at org.testng.SuiteRunnerWorker.runSuite(SuiteRunnerWorker.java:52)
	at org.testng.SuiteRunnerWorker.run(SuiteRunnerWorker.java:86)
	at org.testng.TestNG.runSuitesSequentially(TestNG.java:1301)
	at org.testng.TestNG.runSuitesLocally(TestNG.java:1226)
	at org.testng.TestNG.runSuites(TestNG.java:1144)
	at org.testng.TestNG.run(TestNG.java:1115)
	at org.testng.remote.AbstractRemoteTestNG.run(AbstractRemoteTestNG.java:132)
	at org.testng.remote.RemoteTestNG.initAndRun(RemoteTestNG.java:230)
	at org.testng.remote.RemoteTestNG.main(RemoteTestNG.java:76)
]]>
    </error>
  </testcase> <!-- setBrowsers -->
  <testcase name="verifyVootLogoinHomePage" time="0.000" classname="Voot.smac.pages.test.HomePageTest">
    <skipped/>
  </testcase> <!-- verifyVootLogoinHomePage -->
  <testcase name="verifynewshowLinkinHomePage" time="0.000" classname="Voot.smac.pages.test.HomePageTest">
    <skipped/>
  </testcase> <!-- verifynewshowLinkinHomePage -->
  <testcase name="verifyshowsmenuinHomepage" time="0.000" classname="Voot.smac.pages.test.HomePageTest">
    <skipped/>
  </testcase> <!-- verifyshowsmenuinHomepage -->
  <testcase name="verifykidsmenuinHomepage" time="0.000" classname="Voot.smac.pages.test.HomePageTest">
    <skipped/>
  </testcase> <!-- verifykidsmenuinHomepage -->
  <testcase name="verifyChannelsmenuinHomepage" time="0.000" classname="Voot.smac.pages.test.HomePageTest">
    <skipped/>
  </testcase> <!-- verifyChannelsmenuinHomepage -->
  <testcase name="verifyMoviesmenuinHomepage" time="0.000" classname="Voot.smac.pages.test.HomePageTest">
    <skipped/>
  </testcase> <!-- verifyMoviesmenuinHomepage -->
  <testcase name="verifySearchinHomepage" time="0.000" classname="Voot.smac.pages.test.HomePageTest">
    <skipped/>
  </testcase> <!-- verifySearchinHomepage -->
  <testcase name="verifyuserloginiconinHomepage" time="0.000" classname="Voot.smac.pages.test.HomePageTest">
    <skipped/>
  </testcase> <!-- verifyuserloginiconinHomepage -->
  <testcase name="clickOnTheNextButtonOnCoursoual" time="0.000" classname="Voot.smac.pages.test.HomePageTest">
    <skipped/>
  </testcase> <!-- clickOnTheNextButtonOnCoursoual -->
  <testcase name="verifyAddBannerSectionl" time="0.000" classname="Voot.smac.pages.test.HomePageTest">
    <skipped/>
  </testcase> <!-- verifyAddBannerSectionl -->
  <testcase name="verifyDescriptionTextValueOFMasterCarousal" time="0.000" classname="Voot.smac.pages.test.HomePageTest">
    <skipped/>
  </testcase> <!-- verifyDescriptionTextValueOFMasterCarousal -->
  <testcase name="clickOnThePreviousButtonOnCoursoual" time="0.000" classname="Voot.smac.pages.test.HomePageTest">
    <skipped/>
  </testcase> <!-- clickOnThePreviousButtonOnCoursoual -->
</testsuite> <!-- Voot.smac.pages.test.HomePageTest -->
