<?xml version="1.0" encoding="UTF-8"?>
<!-- Generated by org.testng.reporters.JUnitReportReporter -->
<testsuite skipped="0" hostname="vdc01dllap0284" name="Voot.smac.pages.test.ChannelsPageTest" tests="4" failures="0" timestamp="12 Mar 2018 10:39:10 GMT" time="44.422" errors="0">
  <testcase name="mousehover_ChannelsInHeaderMenuOfHomepage" time="0.834" classname="Voot.smac.pages.test.ChannelsPageTest"/>
  <testcase name="OverlaywithListofchannels" time="39.720" classname="Voot.smac.pages.test.ChannelsPageTest"/>
  <testcase name="Clickonanychannel" time="3.713" classname="Voot.smac.pages.test.ChannelsPageTest"/>
  <testcase name="navigateToChannelDetailsPage" time="0.155" classname="Voot.smac.pages.test.ChannelsPageTest"/>
</testsuite> <!-- Voot.smac.pages.test.ChannelsPageTest -->
