<?xml version="1.0" encoding="UTF-8"?>
<!-- Generated by org.testng.reporters.JUnitReportReporter -->
<testsuite skipped="0" hostname="vdc01dllap0284" name="Voot.smac.pages.test.HomePageTest" tests="13" failures="0" timestamp="26 Mar 2018 08:11:56 GMT" time="575.499" errors="0">
  <testcase name="verifyVootLogoinHomePage" time="12.585" classname="Voot.smac.pages.test.HomePageTest"/>
  <testcase name="verifynewshowLinkinHomePage" time="11.790" classname="Voot.smac.pages.test.HomePageTest"/>
  <testcase name="verifyshowsmenuinHomepage" time="23.504" classname="Voot.smac.pages.test.HomePageTest"/>
  <testcase name="verifykidsmenuinHomepage" time="43.168" classname="Voot.smac.pages.test.HomePageTest"/>
  <testcase name="verifyChannelsmenuinHomepage" time="13.459" classname="Voot.smac.pages.test.HomePageTest"/>
  <testcase name="verifyMoviesmenuinHomepage" time="29.109" classname="Voot.smac.pages.test.HomePageTest"/>
  <testcase name="verifySearchinHomepage" time="12.911" classname="Voot.smac.pages.test.HomePageTest"/>
  <testcase name="verifyuserloginiconinHomepage" time="49.806" classname="Voot.smac.pages.test.HomePageTest"/>
  <testcase name="clickOnTheNextButtonOnCoursoual" time="102.333" classname="Voot.smac.pages.test.HomePageTest"/>
  <testcase name="verifyAddBannerSectionl" time="125.136" classname="Voot.smac.pages.test.HomePageTest"/>
  <testcase name="verifyDescriptionTextValueOFMasterCarousal" time="30.904" classname="Voot.smac.pages.test.HomePageTest"/>
  <testcase name="clickOnThePreviousButtonOnCoursoual" time="64.096" classname="Voot.smac.pages.test.HomePageTest"/>
  <testcase name="verifyMoreButtonInHomePage" time="56.698" classname="Voot.smac.pages.test.HomePageTest"/>
</testsuite> <!-- Voot.smac.pages.test.HomePageTest -->
