<?xml version="1.0" encoding="UTF-8"?>
<!-- Generated by org.testng.reporters.JUnitReportReporter -->
<testsuite skipped="0" hostname="vdc01dllap0284" name="Voot.smac.pages.test.ChannelsPageTest" tests="4" failures="0" timestamp="12 Mar 2018 17:13:35 GMT" time="44.505" errors="0">
  <testcase name="mousehover_ChannelsInHeaderMenuOfHomepage" time="0.798" classname="Voot.smac.pages.test.ChannelsPageTest"/>
  <testcase name="OverlaywithListofchannels" time="39.693" classname="Voot.smac.pages.test.ChannelsPageTest"/>
  <testcase name="Clickonanychannel" time="3.788" classname="Voot.smac.pages.test.ChannelsPageTest"/>
  <testcase name="navigateToChannelDetailsPage" time="0.226" classname="Voot.smac.pages.test.ChannelsPageTest"/>
</testsuite> <!-- Voot.smac.pages.test.ChannelsPageTest -->
