<?xml version="1.0" encoding="UTF-8"?>
<!-- Generated by org.testng.reporters.JUnitReportReporter -->
<testsuite skipped="0" hostname="vdc01dllap0284" name="Voot.smac.pages.test.HomePageTest" tests="8" failures="0" timestamp="05 Mar 2018 06:00:28 GMT" time="1.846" errors="0">
  <testcase name="verifyVootLogoinHomePage" time="1.147" classname="Voot.smac.pages.test.HomePageTest"/>
  <testcase name="verifynewshowLinkinHomePage" time="0.260" classname="Voot.smac.pages.test.HomePageTest"/>
  <testcase name="verifyshowsmenuinHomepage" time="0.094" classname="Voot.smac.pages.test.HomePageTest"/>
  <testcase name="verifykidsmenuinHomepage" time="0.079" classname="Voot.smac.pages.test.HomePageTest"/>
  <testcase name="verifyChannelsmenuinHomepage" time="0.068" classname="Voot.smac.pages.test.HomePageTest"/>
  <testcase name="verifyMoviesmenuinHomepage" time="0.073" classname="Voot.smac.pages.test.HomePageTest"/>
  <testcase name="verifySearchinHomepage" time="0.049" classname="Voot.smac.pages.test.HomePageTest"/>
  <testcase name="verifyuserloginiconinHomepage" time="0.076" classname="Voot.smac.pages.test.HomePageTest"/>
</testsuite> <!-- Voot.smac.pages.test.HomePageTest -->
