<?xml version="1.0" encoding="UTF-8"?>
<!-- Generated by org.testng.reporters.JUnitReportReporter -->
<testsuite skipped="0" hostname="vdc01dllap0284" name="Voot.smac.pages.test.ChannelsPageTest" tests="1" failures="0" timestamp="08 Mar 2018 09:02:12 GMT" time="1.259" errors="0">
  <testcase name="mousehover_ChannelsInHeaderMenuOfHomepage" time="1.259" classname="Voot.smac.pages.test.ChannelsPageTest"/>
</testsuite> <!-- Voot.smac.pages.test.ChannelsPageTest -->
