<?xml version="1.0" encoding="UTF-8"?>
<!-- Generated by org.testng.reporters.JUnitReportReporter -->
<testsuite skipped="0" hostname="vdc01dllap0284" name="Voot.smac.pages.test.VootLoginPageTest" tests="3" failures="0" timestamp="12 Mar 2018 17:13:35 GMT" time="29.000" errors="0">
  <testcase name="verifyLoginScreeen" time="25.674" classname="Voot.smac.pages.test.VootLoginPageTest"/>
  <testcase name="EnterbankEmailidandverifyerrormessage" time="2.602" classname="Voot.smac.pages.test.VootLoginPageTest"/>
  <testcase name="enter_valid_Email_In_input_Text_field" time="0.724" classname="Voot.smac.pages.test.VootLoginPageTest"/>
</testsuite> <!-- Voot.smac.pages.test.VootLoginPageTest -->
