<?xml version="1.0" encoding="UTF-8"?>
<!-- Generated by org.testng.reporters.JUnitReportReporter -->
<testsuite skipped="0" hostname="vdc01dllap0284" name="Voot.smac.pages.test.ChannelsPageTest" tests="4" failures="0" timestamp="22 Mar 2018 09:34:47 GMT" time="86.011" errors="0">
  <testcase name="mousehover_ChannelsInHeaderMenuOfHomepage" time="13.975" classname="Voot.smac.pages.test.ChannelsPageTest"/>
  <testcase name="OverlaywithListofchannels" time="26.766" classname="Voot.smac.pages.test.ChannelsPageTest"/>
  <testcase name="Clickonanychannel" time="20.790" classname="Voot.smac.pages.test.ChannelsPageTest"/>
  <testcase name="navigateToChannelDetailsPage" time="24.480" classname="Voot.smac.pages.test.ChannelsPageTest"/>
</testsuite> <!-- Voot.smac.pages.test.ChannelsPageTest -->
