<?xml version="1.0" encoding="UTF-8"?>
<!-- Generated by org.testng.reporters.JUnitReportReporter -->
<testsuite skipped="0" hostname="vdc01dllap0284" name="Voot.smac.pages.test.VootLoginPageTest" tests="1" failures="0" timestamp="01 Mar 2018 16:09:32 GMT" time="1.468" errors="0">
  <testcase name="verifyLoginScreeen" time="1.468" classname="Voot.smac.pages.test.VootLoginPageTest"/>
</testsuite> <!-- Voot.smac.pages.test.VootLoginPageTest -->
