<?xml version="1.0" encoding="UTF-8"?>
<!-- Generated by org.testng.reporters.JUnitReportReporter -->
<testsuite skipped="0" hostname="vdc01dllap0284" name="Voot.smac.pages.test.MoviesPageTest" tests="5" failures="0" timestamp="20 Mar 2018 18:26:42 GMT" time="161.587" errors="0">
  <testcase name="mousehoveronMoviesintheheaderandverify" time="30.827" classname="Voot.smac.pages.test.MoviesPageTest"/>
  <testcase name="verifyPopularHindiMoviesValue" time="34.285" classname="Voot.smac.pages.test.MoviesPageTest"/>
  <testcase name="verifyPopularkannadaMoviesValue" time="33.194" classname="Voot.smac.pages.test.MoviesPageTest"/>
  <testcase name="verifyPopularBangaliMoviesValue" time="31.946" classname="Voot.smac.pages.test.MoviesPageTest"/>
  <testcase name="verifyPopularKidsMoviesValue" time="31.335" classname="Voot.smac.pages.test.MoviesPageTest"/>
</testsuite> <!-- Voot.smac.pages.test.MoviesPageTest -->
