<?xml version="1.0" encoding="UTF-8"?>
<!-- Generated by org.testng.reporters.JUnitReportReporter -->
<testsuite skipped="0" hostname="vdc01dllap0284" name="Voot.smac.pages.test.SearchPageTest" tests="5" failures="0" timestamp="30 Mar 2018 08:09:34 GMT" time="79.328" errors="0">
  <testcase name="verify_Search_Icon_In_HomePage" time="13.842" classname="Voot.smac.pages.test.SearchPageTest"/>
  <testcase name="verify_Search_Icon_In_SearchPage" time="15.247" classname="Voot.smac.pages.test.SearchPageTest"/>
  <testcase name="verify_Close_Icon_In_SearchPage" time="13.776" classname="Voot.smac.pages.test.SearchPageTest"/>
  <testcase name="verify_Search_Text_Box_In_SearchPage" time="10.999" classname="Voot.smac.pages.test.SearchPageTest"/>
  <testcase name="enter_Some_Value_inSide_the_Text_Box_In_SearchPage" time="25.464" classname="Voot.smac.pages.test.SearchPageTest"/>
</testsuite> <!-- Voot.smac.pages.test.SearchPageTest -->
