<?xml version="1.0" encoding="UTF-8"?>
<!-- Generated by org.testng.reporters.JUnitReportReporter -->
<testsuite skipped="9" hostname="vdc01dllap0284" name="Voot.smac.pages.test.HomePageTest" tests="13" failures="0" timestamp="25 Mar 2018 11:28:16 GMT" time="208.574" errors="1">
  <testcase name="setBrowsers" time="145.312" classname="Voot.smac.pages.test.HomePageTest">
    <error type="org.openqa.selenium.WebDriverException" message="Failed to decode response from marionette
Build info: version: &#039;3.5.1&#039;, revision: &#039;9c21bb67ef&#039;, time: &#039;2017-08-17T15:26:08.955Z&#039;
System info: host: &#039;VDC01DLLAP0284&#039;, ip: &#039;192.168.23.5&#039;, os.name: &#039;Windows 7&#039;, os.arch: &#039;amd64&#039;, os.version: &#039;6.1&#039;, java.version: &#039;1.8.0_45&#039;
Driver info: org.openqa.selenium.firefox.FirefoxDriver
Capabilities [{moz:profile=C:\Users\RAVIND~1.PAR\AppData\Local\Temp\rust_mozprofile.qP6aguhSfV01, rotatable=false, timeouts={implicit=0.0, page load=300000.0, script=30000.0}, pageLoadStrategy=normal, platform=ANY, specificationLevel=0.0, moz:accessibilityChecks=false, acceptInsecureCerts=false, browserVersion=52.0.2, platformVersion=6.1, moz:processID=1360.0, browserName=firefox, javascriptEnabled=true, platformName=windows_nt}]
Session ID: 4e25b7f7-6968-4978-986c-b4a96785e2e0">
      <![CDATA[org.openqa.selenium.WebDriverException: Failed to decode response from marionette
Build info: version: '3.5.1', revision: '9c21bb67ef', time: '2017-08-17T15:26:08.955Z'
System info: host: 'VDC01DLLAP0284', ip: '192.168.23.5', os.name: 'Windows 7', os.arch: 'amd64', os.version: '6.1', java.version: '1.8.0_45'
Driver info: org.openqa.selenium.firefox.FirefoxDriver
Capabilities [{moz:profile=C:\Users\RAVIND~1.PAR\AppData\Local\Temp\rust_mozprofile.qP6aguhSfV01, rotatable=false, timeouts={implicit=0.0, page load=300000.0, script=30000.0}, pageLoadStrategy=normal, platform=ANY, specificationLevel=0.0, moz:accessibilityChecks=false, acceptInsecureCerts=false, browserVersion=52.0.2, platformVersion=6.1, moz:processID=1360.0, browserName=firefox, javascriptEnabled=true, platformName=windows_nt}]
Session ID: 4e25b7f7-6968-4978-986c-b4a96785e2e0
	at sun.reflect.NativeConstructorAccessorImpl.newInstance0(Native Method)
	at sun.reflect.NativeConstructorAccessorImpl.newInstance(NativeConstructorAccessorImpl.java:62)
	at sun.reflect.DelegatingConstructorAccessorImpl.newInstance(DelegatingConstructorAccessorImpl.java:45)
	at java.lang.reflect.Constructor.newInstance(Constructor.java:422)
	at org.openqa.selenium.remote.http.W3CHttpResponseCodec.createException(W3CHttpResponseCodec.java:185)
	at org.openqa.selenium.remote.http.W3CHttpResponseCodec.decode(W3CHttpResponseCodec.java:120)
	at org.openqa.selenium.remote.http.W3CHttpResponseCodec.decode(W3CHttpResponseCodec.java:49)
	at org.openqa.selenium.remote.HttpCommandExecutor.execute(HttpCommandExecutor.java:164)
	at org.openqa.selenium.remote.service.DriverCommandExecutor.execute(DriverCommandExecutor.java:82)
	at org.openqa.selenium.remote.RemoteWebDriver.execute(RemoteWebDriver.java:641)
	at org.openqa.selenium.remote.RemoteWebDriver.get(RemoteWebDriver.java:368)
	at Voot.smac.pages.test.BaseClass.setBrowsers(BaseClass.java:77)
	at sun.reflect.NativeMethodAccessorImpl.invoke0(Native Method)
	at sun.reflect.NativeMethodAccessorImpl.invoke(NativeMethodAccessorImpl.java:62)
	at sun.reflect.DelegatingMethodAccessorImpl.invoke(DelegatingMethodAccessorImpl.java:43)
	at java.lang.reflect.Method.invoke(Method.java:497)
	at org.testng.internal.MethodInvocationHelper.invokeMethod(MethodInvocationHelper.java:108)
	at org.testng.internal.Invoker.invokeConfigurationMethod(Invoker.java:523)
	at org.testng.internal.Invoker.invokeConfigurations(Invoker.java:224)
	at org.testng.internal.Invoker.invokeMethod(Invoker.java:599)
	at org.testng.internal.Invoker.invokeTestMethod(Invoker.java:869)
	at org.testng.internal.Invoker.invokeTestMethods(Invoker.java:1193)
	at org.testng.internal.TestMethodWorker.invokeTestMethods(TestMethodWorker.java:126)
	at org.testng.internal.TestMethodWorker.run(TestMethodWorker.java:109)
	at org.testng.TestRunner.privateRun(TestRunner.java:744)
	at org.testng.TestRunner.run(TestRunner.java:602)
	at org.testng.SuiteRunner.runTest(SuiteRunner.java:380)
	at org.testng.SuiteRunner.access$000(SuiteRunner.java:39)
	at org.testng.SuiteRunner$SuiteWorker.run(SuiteRunner.java:414)
	at org.testng.internal.thread.ThreadUtil$1.call(ThreadUtil.java:52)
	at java.util.concurrent.FutureTask.run(FutureTask.java:266)
	at java.util.concurrent.ThreadPoolExecutor.runWorker(ThreadPoolExecutor.java:1142)
	at java.util.concurrent.ThreadPoolExecutor$Worker.run(ThreadPoolExecutor.java:617)
	at java.lang.Thread.run(Thread.java:745)
]]>
    </error>
  </testcase> <!-- setBrowsers -->
  <testcase name="verifyVootLogoinHomePage" time="32.012" classname="Voot.smac.pages.test.HomePageTest"/>
  <testcase name="verifynewshowLinkinHomePage" time="30.316" classname="Voot.smac.pages.test.HomePageTest"/>
  <testcase name="verifyshowsmenuinHomepage" time="0.934" classname="Voot.smac.pages.test.HomePageTest"/>
  <testcase name="verifykidsmenuinHomepage" time="0.000" classname="Voot.smac.pages.test.HomePageTest">
    <skipped/>
  </testcase> <!-- verifykidsmenuinHomepage -->
  <testcase name="verifyChannelsmenuinHomepage" time="0.000" classname="Voot.smac.pages.test.HomePageTest">
    <skipped/>
  </testcase> <!-- verifyChannelsmenuinHomepage -->
  <testcase name="verifyMoviesmenuinHomepage" time="0.000" classname="Voot.smac.pages.test.HomePageTest">
    <skipped/>
  </testcase> <!-- verifyMoviesmenuinHomepage -->
  <testcase name="verifySearchinHomepage" time="0.000" classname="Voot.smac.pages.test.HomePageTest">
    <skipped/>
  </testcase> <!-- verifySearchinHomepage -->
  <testcase name="verifyuserloginiconinHomepage" time="0.000" classname="Voot.smac.pages.test.HomePageTest">
    <skipped/>
  </testcase> <!-- verifyuserloginiconinHomepage -->
  <testcase name="clickOnTheNextButtonOnCoursoual" time="0.000" classname="Voot.smac.pages.test.HomePageTest">
    <skipped/>
  </testcase> <!-- clickOnTheNextButtonOnCoursoual -->
  <testcase name="verifyAddBannerSectionl" time="0.000" classname="Voot.smac.pages.test.HomePageTest">
    <skipped/>
  </testcase> <!-- verifyAddBannerSectionl -->
  <testcase name="clickOnThePreviousButtonOnCoursoual" time="0.000" classname="Voot.smac.pages.test.HomePageTest">
    <skipped/>
  </testcase> <!-- clickOnThePreviousButtonOnCoursoual -->
  <testcase name="verifyDescriptionTextValueOFMasterCarousal" time="0.000" classname="Voot.smac.pages.test.HomePageTest">
    <skipped/>
  </testcase> <!-- verifyDescriptionTextValueOFMasterCarousal -->
</testsuite> <!-- Voot.smac.pages.test.HomePageTest -->
