<?xml version="1.0" encoding="UTF-8"?>
<!-- Generated by org.testng.reporters.JUnitReportReporter -->
<testsuite skipped="0" hostname="vdc01dllap0284" name="Voot.smac.pages.test.VootLoginPageTest" tests="3" failures="0" timestamp="07 Mar 2018 07:39:13 GMT" time="28.376" errors="0">
  <testcase name="verifyLoginScreeen" time="25.275" classname="Voot.smac.pages.test.VootLoginPageTest"/>
  <testcase name="EnterbankEmailidandverifyerrormessage" time="2.560" classname="Voot.smac.pages.test.VootLoginPageTest"/>
  <testcase name="enter_valid_Email_In_input_Text_field" time="0.541" classname="Voot.smac.pages.test.VootLoginPageTest"/>
</testsuite> <!-- Voot.smac.pages.test.VootLoginPageTest -->
