<?xml version="1.0" encoding="UTF-8"?>
<!-- Generated by org.testng.reporters.JUnitReportReporter -->
<testsuite skipped="0" hostname="vdc01dllap0284" name="Voot.smac.pages.test.MoviesPageTest" tests="5" failures="0" timestamp="26 Mar 2018 08:11:56 GMT" time="308.845" errors="0">
  <testcase name="mousehoveronMoviesintheheaderandverify" time="72.183" classname="Voot.smac.pages.test.MoviesPageTest"/>
  <testcase name="verifyPopularHindiMoviesValue" time="58.915" classname="Voot.smac.pages.test.MoviesPageTest"/>
  <testcase name="verifyPopularkannadaMoviesValue" time="78.827" classname="Voot.smac.pages.test.MoviesPageTest"/>
  <testcase name="verifyPopularBangaliMoviesValue" time="50.495" classname="Voot.smac.pages.test.MoviesPageTest"/>
  <testcase name="verifyPopularKidsMoviesValue" time="48.425" classname="Voot.smac.pages.test.MoviesPageTest"/>
</testsuite> <!-- Voot.smac.pages.test.MoviesPageTest -->
