<?xml version="1.0" encoding="UTF-8"?>
<!-- Generated by org.testng.reporters.JUnitReportReporter -->
<testsuite skipped="0" hostname="vdc01dllap0284" name="Voot.smac.pages.test.SearchPageTest" tests="5" failures="0" timestamp="22 Mar 2018 09:34:47 GMT" time="95.595" errors="0">
  <testcase name="verify_Search_Icon_In_HomePage" time="18.014" classname="Voot.smac.pages.test.SearchPageTest"/>
  <testcase name="verify_Search_Icon_In_SearchPage" time="17.197" classname="Voot.smac.pages.test.SearchPageTest"/>
  <testcase name="verify_Close_Icon_In_SearchPage" time="17.021" classname="Voot.smac.pages.test.SearchPageTest"/>
  <testcase name="verify_Search_Text_Box_In_SearchPage" time="12.084" classname="Voot.smac.pages.test.SearchPageTest"/>
  <testcase name="enter_Some_Value_inSide_the_Text_Box_In_SearchPage" time="31.279" classname="Voot.smac.pages.test.SearchPageTest"/>
</testsuite> <!-- Voot.smac.pages.test.SearchPageTest -->
