<?xml version="1.0" encoding="UTF-8"?>
<!-- Generated by org.testng.reporters.JUnitReportReporter -->
<testsuite skipped="0" hostname="vdc01dllap0284" name="Voot.smac.pages.test.VootLoginPageTest" tests="3" failures="0" timestamp="07 Mar 2018 10:57:12 GMT" time="28.303" errors="0">
  <testcase name="verifyLoginScreeen" time="25.166" classname="Voot.smac.pages.test.VootLoginPageTest"/>
  <testcase name="EnterbankEmailidandverifyerrormessage" time="2.573" classname="Voot.smac.pages.test.VootLoginPageTest"/>
  <testcase name="enter_valid_Email_In_input_Text_field" time="0.564" classname="Voot.smac.pages.test.VootLoginPageTest"/>
</testsuite> <!-- Voot.smac.pages.test.VootLoginPageTest -->
