<?xml version="1.0" encoding="UTF-8"?>
<!-- Generated by org.testng.reporters.JUnitReportReporter -->
<testsuite skipped="0" hostname="vdc01dllap0284" name="Voot.smac.pages.test.ShowPagesTest" tests="2" failures="0" timestamp="07 Mar 2018 07:39:13 GMT" time="54.858" errors="0">
  <testcase name="clickedshowlink" time="46.482" classname="Voot.smac.pages.test.ShowPagesTest"/>
  <testcase name="clickedkidslink" time="8.376" classname="Voot.smac.pages.test.ShowPagesTest"/>
</testsuite> <!-- Voot.smac.pages.test.ShowPagesTest -->
