<?xml version="1.0" encoding="UTF-8"?>
<!-- Generated by org.testng.reporters.JUnitReportReporter -->
<testsuite hostname="vdc01dllap0284" name="Voot.smac.pages.test.HomePageTest" tests="2" failures="0" timestamp="4 Apr 2018 10:17:30 GMT" time="137.803" errors="0">
  <testcase name="verifyAddBannerSectionl" time="125.216" classname="Voot.smac.pages.test.HomePageTest"/>
  <testcase name="verifyVootLogoinHomePage" time="12.587" classname="Voot.smac.pages.test.HomePageTest"/>
</testsuite> <!-- Voot.smac.pages.test.HomePageTest -->
