<?xml version="1.0" encoding="UTF-8"?>
<!-- Generated by org.testng.reporters.JUnitReportReporter -->
<testsuite hostname="vdc01dllap0284" name="Voot.smac.pages.test.ShowPagesTest" tests="2" failures="0" timestamp="20 Mar 2018 17:36:06 GMT" time="51.063" errors="0">
  <testcase name="clickedkidslink" time="29.342" classname="Voot.smac.pages.test.ShowPagesTest"/>
  <testcase name="clickedshowlink" time="21.721" classname="Voot.smac.pages.test.ShowPagesTest"/>
</testsuite> <!-- Voot.smac.pages.test.ShowPagesTest -->
