<?xml version="1.0" encoding="UTF-8"?>
<!-- Generated by org.testng.reporters.JUnitReportReporter -->
<testsuite hostname="vdc01dllap0284" name="Voot.smac.pages.test.ShowPagesTest" tests="2" failures="0" timestamp="30 Mar 2018 09:23:41 GMT" time="43.129" errors="0">
  <testcase name="clickedkidslink" time="21.024" classname="Voot.smac.pages.test.ShowPagesTest"/>
  <testcase name="clickedshowlink" time="22.105" classname="Voot.smac.pages.test.ShowPagesTest"/>
</testsuite> <!-- Voot.smac.pages.test.ShowPagesTest -->
