<?xml version="1.0" encoding="UTF-8"?>
<!-- Generated by org.testng.reporters.JUnitReportReporter -->
<testsuite hostname="vdc01dllap0284" name="Voot.smac.pages.test.SearchPageTest" tests="5" failures="0" timestamp="30 Mar 2018 09:23:41 GMT" time="88.005" errors="0">
  <testcase name="verify_Search_Icon_In_SearchPage" time="15.511" classname="Voot.smac.pages.test.SearchPageTest"/>
  <testcase name="verify_Search_Icon_In_HomePage" time="16.867" classname="Voot.smac.pages.test.SearchPageTest"/>
  <testcase name="enter_Some_Value_inSide_the_Text_Box_In_SearchPage" time="26.633" classname="Voot.smac.pages.test.SearchPageTest"/>
  <testcase name="verify_Close_Icon_In_SearchPage" time="16.059" classname="Voot.smac.pages.test.SearchPageTest"/>
  <testcase name="verify_Search_Text_Box_In_SearchPage" time="12.935" classname="Voot.smac.pages.test.SearchPageTest"/>
</testsuite> <!-- Voot.smac.pages.test.SearchPageTest -->
