<?xml version="1.0" encoding="UTF-8"?>
<!-- Generated by org.testng.reporters.JUnitReportReporter -->
<testsuite hostname="vdc01dllap0284" name="Voot.smac.pages.test.ShowPagesTest" tests="2" failures="0" timestamp="25 Mar 2018 11:41:37 GMT" time="47.666" errors="0">
  <testcase name="clickedkidslink" time="23.735" classname="Voot.smac.pages.test.ShowPagesTest"/>
  <testcase name="clickedshowlink" time="23.931" classname="Voot.smac.pages.test.ShowPagesTest"/>
</testsuite> <!-- Voot.smac.pages.test.ShowPagesTest -->
