<?xml version="1.0" encoding="UTF-8"?>
<!-- Generated by org.testng.reporters.JUnitReportReporter -->
<testsuite hostname="vdc01dllap0284" name="Voot.smac.pages.test.HomePageTest" tests="5" failures="0" timestamp="30 Mar 2018 09:23:41 GMT" time="250.105" errors="0">
  <testcase name="verifyDescriptionTextValueOFMasterCarousal" time="27.810" classname="Voot.smac.pages.test.HomePageTest"/>
  <testcase name="verifyAddBannerSectionl" time="136.022" classname="Voot.smac.pages.test.HomePageTest"/>
  <testcase name="verifyVootLogoinHomePage" time="14.505" classname="Voot.smac.pages.test.HomePageTest"/>
  <testcase name="clickOnThePreviousButtonOnCoursoual" time="16.405" classname="Voot.smac.pages.test.HomePageTest"/>
  <testcase name="clickOnTheNextButtonOnCoursoual" time="55.363" classname="Voot.smac.pages.test.HomePageTest"/>
</testsuite> <!-- Voot.smac.pages.test.HomePageTest -->
