<?xml version="1.0" encoding="UTF-8"?>
<!-- Generated by org.testng.reporters.JUnitReportReporter -->
<testsuite hostname="vdc01dllap0284" name="Voot.smac.pages.test.ChannelsPageTest" tests="4" failures="0" timestamp="30 Mar 2018 09:23:41 GMT" time="72.630" errors="0">
  <testcase name="Clickonanychannel" time="16.348" classname="Voot.smac.pages.test.ChannelsPageTest"/>
  <testcase name="OverlaywithListofchannels" time="28.647" classname="Voot.smac.pages.test.ChannelsPageTest"/>
  <testcase name="navigateToChannelDetailsPage" time="15.771" classname="Voot.smac.pages.test.ChannelsPageTest"/>
  <testcase name="mousehover_ChannelsInHeaderMenuOfHomepage" time="11.864" classname="Voot.smac.pages.test.ChannelsPageTest"/>
</testsuite> <!-- Voot.smac.pages.test.ChannelsPageTest -->
