<?xml version="1.0" encoding="UTF-8"?>
<!-- Generated by org.testng.reporters.JUnitReportReporter -->
<testsuite hostname="vdc01dllap0284" name="Voot.smac.pages.test.MoviesPageTest" tests="5" failures="0" timestamp="30 Mar 2018 09:23:41 GMT" time="152.839" errors="0">
  <testcase name="verifyPopularKidsMoviesValue" time="32.767" classname="Voot.smac.pages.test.MoviesPageTest"/>
  <testcase name="mousehoveronMoviesintheheaderandverify" time="27.035" classname="Voot.smac.pages.test.MoviesPageTest"/>
  <testcase name="verifyPopularHindiMoviesValue" time="30.120" classname="Voot.smac.pages.test.MoviesPageTest"/>
  <testcase name="verifyPopularBangaliMoviesValue" time="31.311" classname="Voot.smac.pages.test.MoviesPageTest"/>
  <testcase name="verifyPopularkannadaMoviesValue" time="31.606" classname="Voot.smac.pages.test.MoviesPageTest"/>
</testsuite> <!-- Voot.smac.pages.test.MoviesPageTest -->
